<?xml version="1.0" encoding="utf-8"?><testsuite errors="1" failures="0" name="pytest" skips="0" tests="1" time="0.107"><testcase classname="" file="test/index_test.py" name="test.index_test" time="0"><error message="collection failure">ImportError while importing test module &apos;/home/yishuen/python-simple-web-app-flask-lab-nyc-career-ds-102218/test/index_test.py&apos;.
Hint: make sure your test modules/packages have valid Python names.
Traceback:
test/index_test.py:3: in &lt;module&gt;
    from hello_world import app
hello_world.py:2: in &lt;module&gt;
    from flask import Flask
E   ModuleNotFoundError: No module named &apos;flask&apos;</error></testcase></testsuite>